0 info it worked if it ends with ok
1 verbose cli [ '/Users/markmurray/.nvm/versions/node/v5.2.0/bin/node',
1 verbose cli   '/Users/markmurray/.nvm/versions/node/v5.2.0/bin/npm',
1 verbose cli   'version',
1 verbose cli   'minor',
1 verbose cli   '-m',
1 verbose cli   'Added dashboard css and bootstrap styles' ]
2 info using npm@3.3.12
3 info using node@v5.2.0
4 info git [ 'status', '--porcelain' ]
5 verbose stack Error: Git working directory not clean.
5 verbose stack M  dist/css/boxfish-assets.css
5 verbose stack M  dist/css/boxfish-assets.css.gz
5 verbose stack M  dist/css/boxfish-assets.min.css
5 verbose stack A  dist/css/normalize.css
5 verbose stack M  dist/scss/colors.scss
5 verbose stack M  dist/scss/variables.scss
5 verbose stack M  sass/bootstrap/_general.scss
5 verbose stack A  sass/dashboard.scss
5 verbose stack M  sass/exports/colors.scss
5 verbose stack M  sass/exports/variables.scss
5 verbose stack M  sass/importer.scss
5 verbose stack A  test.html
5 verbose stack     at /Users/markmurray/.nvm/versions/node/v5.2.0/lib/node_modules/npm/lib/version.js:172:21
5 verbose stack     at ChildProcess.exithandler (child_process.js:205:7)
5 verbose stack     at emitTwo (events.js:88:13)
5 verbose stack     at ChildProcess.emit (events.js:173:7)
5 verbose stack     at maybeClose (internal/child_process.js:819:16)
5 verbose stack     at Socket.<anonymous> (internal/child_process.js:320:11)
5 verbose stack     at emitOne (events.js:78:13)
5 verbose stack     at Socket.emit (events.js:170:7)
5 verbose stack     at Pipe._onclose (net.js:470:12)
6 verbose cwd /Users/markmurray/Boxfish/Platform/boxfish-assets
7 error Darwin 15.3.0
8 error argv "/Users/markmurray/.nvm/versions/node/v5.2.0/bin/node" "/Users/markmurray/.nvm/versions/node/v5.2.0/bin/npm" "version" "minor" "-m" "Added dashboard css and bootstrap styles"
9 error node v5.2.0
10 error npm  v3.3.12
11 error Git working directory not clean.
11 error M  dist/css/boxfish-assets.css
11 error M  dist/css/boxfish-assets.css.gz
11 error M  dist/css/boxfish-assets.min.css
11 error A  dist/css/normalize.css
11 error M  dist/scss/colors.scss
11 error M  dist/scss/variables.scss
11 error M  sass/bootstrap/_general.scss
11 error A  sass/dashboard.scss
11 error M  sass/exports/colors.scss
11 error M  sass/exports/variables.scss
11 error M  sass/importer.scss
11 error A  test.html
12 error If you need help, you may report this error at:
12 error     <https://github.com/npm/npm/issues>
13 verbose exit [ 1, true ]
